<?xml version="1.0" encoding="UTF-8"?>
<!-- Generated by org.testng.reporters.JUnitXMLReporter -->
<testsuite hostname="LAPTOP-3OB9OHNU" ignored="0" name="Default test" tests="4" failures="0" timestamp="25 Aug 2020 20:23:01 GMT" time="34.849" errors="0">
  <testcase name="initBrowser" time="5.974" classname="com.acti.base.DriverScript"/>
  <testcase name="verifytitle" time="0.015" classname="com.acti.testcases.tc_01"/>
  <testcase name="validatelogodisplayed" time="0.096" classname="com.acti.testcases.tc_01"/>
  <testcase name="validatelogin" time="2.338" classname="com.acti.testcases.tc_01"/>
</testsuite> <!-- Default test -->
